Arguments: 
  /usr/local/Cellar/node/15.12.0/bin/node /usr/local/Cellar/yarn/1.22.10/libexec/bin/yarn.js add expredd

PATH: 
  /usr/local/bin:/usr/bin:/bin:/usr/sbin:/sbin:/Library/Apple/usr/bin:/Users/jrmarques/.zinit/polaris/sbin:/Users/jrmarques/.zinit/polaris/bin:/Users/jrmarques/Library/Android/sdk/emulator:/Users/jrmarques/Library/Android/sdk/tools:/Users/jrmarques/Library/Android/sdk/tools/bin:/Users/jrmarques/Library/Android/sdk/platform-tools:/Users/jrmarques/Library/Android/sdk/emulator:/Users/jrmarques/Library/Android/sdk/tools:/Users/jrmarques/Library/Android/sdk/tools/bin:/Users/jrmarques/Library/Android/sdk/platform-tools

Yarn version: 
  1.22.10

Node version: 
  15.12.0

Platform: 
  darwin x64

Trace: 
  Error: https://registry.yarnpkg.com/expredd: Not found
      at Request.params.callback [as _callback] (/usr/local/Cellar/yarn/1.22.10/libexec/lib/cli.js:66988:18)
      at Request.self.callback (/usr/local/Cellar/yarn/1.22.10/libexec/lib/cli.js:140749:22)
      at Request.emit (node:events:369:20)
      at Request.<anonymous> (/usr/local/Cellar/yarn/1.22.10/libexec/lib/cli.js:141721:10)
      at Request.emit (node:events:369:20)
      at IncomingMessage.<anonymous> (/usr/local/Cellar/yarn/1.22.10/libexec/lib/cli.js:141643:12)
      at Object.onceWrapper (node:events:475:28)
      at IncomingMessage.emit (node:events:381:22)
      at endReadableNT (node:internal/streams/readable:1307:12)
      at processTicksAndRejections (node:internal/process/task_queues:81:21)

npm manifest: 
  {
    "name": "solid_ts",
    "version": "1.0.0",
    "description": "",
    "main": "index.js",
    "scripts": {
      "test": "echo \"Error: no test specified\" && exit 1"
    },
    "keywords": [],
    "author": "",
    "license": "ISC"
  }

yarn manifest: 
  No manifest

Lockfile: 
  No lockfile
